mode: set
codeberg.org/stanhoenson/krushr/internal/database/index.go:19.67,22.16 2 1
codeberg.org/stanhoenson/krushr/internal/database/index.go:22.16,24.3 1 0
codeberg.org/stanhoenson/krushr/internal/database/index.go:26.2,27.16 2 1
codeberg.org/stanhoenson/krushr/internal/database/index.go:27.16,29.3 1 0
codeberg.org/stanhoenson/krushr/internal/database/index.go:31.2,33.16 2 1
codeberg.org/stanhoenson/krushr/internal/database/index.go:33.16,35.3 1 0
codeberg.org/stanhoenson/krushr/internal/database/index.go:37.2,38.16 2 1
codeberg.org/stanhoenson/krushr/internal/database/index.go:38.16,40.3 1 0
codeberg.org/stanhoenson/krushr/internal/database/index.go:41.2,42.16 2 1
codeberg.org/stanhoenson/krushr/internal/database/index.go:42.16,44.3 1 0
codeberg.org/stanhoenson/krushr/internal/database/index.go:46.2,48.11 3 1
codeberg.org/stanhoenson/krushr/internal/database/index.go:51.25,53.25 2 1
codeberg.org/stanhoenson/krushr/internal/database/index.go:53.26,54.3 0 0
codeberg.org/stanhoenson/krushr/internal/database/index.go:55.2,56.25 2 1
codeberg.org/stanhoenson/krushr/internal/database/index.go:56.26,57.3 0 0
codeberg.org/stanhoenson/krushr/internal/database/index.go:60.2,62.16 3 1
codeberg.org/stanhoenson/krushr/internal/database/index.go:62.17,63.3 0 0
codeberg.org/stanhoenson/krushr/internal/database/index.go:66.2,67.42 2 1
codeberg.org/stanhoenson/krushr/internal/database/index.go:67.42,69.26 2 1
codeberg.org/stanhoenson/krushr/internal/database/index.go:69.27,70.4 0 0
codeberg.org/stanhoenson/krushr/internal/database/index.go:74.2,74.52 1 1
codeberg.org/stanhoenson/krushr/internal/database/index.go:74.52,76.26 2 1
codeberg.org/stanhoenson/krushr/internal/database/index.go:76.27,77.4 0 0
codeberg.org/stanhoenson/krushr/internal/env/index.go:25.30,39.2 11 0
codeberg.org/stanhoenson/krushr/internal/env/index.go:41.16,43.16 2 0
codeberg.org/stanhoenson/krushr/internal/env/index.go:43.16,45.3 1 0
codeberg.org/stanhoenson/krushr/internal/env/index.go:48.40,50.17 2 0
codeberg.org/stanhoenson/krushr/internal/env/index.go:50.17,52.3 1 0
codeberg.org/stanhoenson/krushr/internal/env/index.go:53.2,53.14 1 0
codeberg.org/stanhoenson/krushr/internal/env/index.go:56.42,59.16 3 0
codeberg.org/stanhoenson/krushr/internal/env/index.go:59.16,61.3 1 0
codeberg.org/stanhoenson/krushr/internal/env/index.go:62.2,62.20 1 0
codeberg.org/stanhoenson/krushr/internal/env/index.go:65.36,67.16 2 0
codeberg.org/stanhoenson/krushr/internal/filemanager/index.go:15.76,17.16 2 0
codeberg.org/stanhoenson/krushr/internal/filemanager/index.go:17.16,19.3 1 0
codeberg.org/stanhoenson/krushr/internal/filemanager/index.go:20.2,24.16 3 0
codeberg.org/stanhoenson/krushr/internal/filemanager/index.go:24.16,26.3 1 0
codeberg.org/stanhoenson/krushr/internal/filemanager/index.go:27.2,27.14 1 0
codeberg.org/stanhoenson/krushr/internal/filemanager/index.go:27.14,29.3 1 0
codeberg.org/stanhoenson/krushr/internal/filemanager/index.go:32.2,38.16 5 0
codeberg.org/stanhoenson/krushr/internal/filemanager/index.go:38.16,40.3 1 0
codeberg.org/stanhoenson/krushr/internal/filemanager/index.go:43.2,44.16 2 0
codeberg.org/stanhoenson/krushr/internal/filemanager/index.go:44.16,46.3 1 0
codeberg.org/stanhoenson/krushr/internal/filemanager/index.go:47.2,51.46 2 0
codeberg.org/stanhoenson/krushr/internal/filemanager/index.go:51.46,53.3 1 0
codeberg.org/stanhoenson/krushr/internal/filemanager/index.go:55.2,55.22 1 0
codeberg.org/stanhoenson/krushr/internal/filemanager/index.go:58.40,60.16 2 0
codeberg.org/stanhoenson/krushr/internal/filemanager/index.go:60.16,62.3 1 0
codeberg.org/stanhoenson/krushr/internal/filemanager/index.go:64.2,64.12 1 0
codeberg.org/stanhoenson/krushr/internal/filemanager/index.go:67.54,71.16 3 0
codeberg.org/stanhoenson/krushr/internal/filemanager/index.go:71.16,73.3 1 0
codeberg.org/stanhoenson/krushr/internal/filemanager/index.go:75.2,75.18 1 0
codeberg.org/stanhoenson/krushr/internal/filemanager/index.go:79.55,83.2 3 0
codeberg.org/stanhoenson/krushr/internal/filemanager/index.go:86.49,90.16 3 0
codeberg.org/stanhoenson/krushr/internal/filemanager/index.go:90.16,92.3 1 0
codeberg.org/stanhoenson/krushr/internal/filemanager/index.go:95.2,99.18 3 0
codeberg.org/stanhoenson/krushr/internal/filemanager/index.go:100.59,101.19 1 0
codeberg.org/stanhoenson/krushr/internal/filemanager/index.go:102.10,103.20 1 0
codeberg.org/stanhoenson/krushr/internal/handlers/authentication.go:14.29,17.48 2 0
codeberg.org/stanhoenson/krushr/internal/handlers/authentication.go:17.48,20.3 2 0
codeberg.org/stanhoenson/krushr/internal/handlers/authentication.go:22.2,23.16 2 0
codeberg.org/stanhoenson/krushr/internal/handlers/authentication.go:23.16,26.3 2 0
codeberg.org/stanhoenson/krushr/internal/handlers/authentication.go:28.2,28.44 1 0
codeberg.org/stanhoenson/krushr/internal/handlers/authentication.go:31.29,34.48 2 1
codeberg.org/stanhoenson/krushr/internal/handlers/authentication.go:34.48,37.3 2 1
codeberg.org/stanhoenson/krushr/internal/handlers/authentication.go:39.2,40.16 2 1
codeberg.org/stanhoenson/krushr/internal/handlers/authentication.go:40.16,43.3 2 1
codeberg.org/stanhoenson/krushr/internal/handlers/authentication.go:45.2,47.25 2 1
codeberg.org/stanhoenson/krushr/internal/handlers/authentication.go:50.30,54.2 2 0
codeberg.org/stanhoenson/krushr/internal/handlers/authentication.go:56.50,58.2 2 1
codeberg.org/stanhoenson/krushr/internal/handlers/authentication.go:58.2,62.3 3 1
codeberg.org/stanhoenson/krushr/internal/handlers/categories.go:12.44,14.2 2 0
codeberg.org/stanhoenson/krushr/internal/handlers/categories.go:14.2,17.80 3 0
codeberg.org/stanhoenson/krushr/internal/handlers/categories.go:17.80,18.79 1 0
codeberg.org/stanhoenson/krushr/internal/handlers/categories.go:18.79,20.5 1 0
codeberg.org/stanhoenson/krushr/internal/handlers/categories.go:20.92,22.5 1 0
codeberg.org/stanhoenson/krushr/internal/handlers/categories.go:24.3,24.79 1 0
codeberg.org/stanhoenson/krushr/internal/handlers/categories.go:24.79,25.77 1 0
codeberg.org/stanhoenson/krushr/internal/handlers/categories.go:25.77,27.5 1 0
codeberg.org/stanhoenson/krushr/internal/handlers/categories.go:27.100,29.5 1 0
codeberg.org/stanhoenson/krushr/internal/handlers/details.go:10.42,12.2 2 0
codeberg.org/stanhoenson/krushr/internal/handlers/details.go:12.2,15.3 2 0
codeberg.org/stanhoenson/krushr/internal/handlers/generic.go:13.229,14.67 1 0
codeberg.org/stanhoenson/krushr/internal/handlers/generic.go:14.67,16.3 1 0
codeberg.org/stanhoenson/krushr/internal/handlers/generic.go:19.116,23.16 3 1
codeberg.org/stanhoenson/krushr/internal/handlers/generic.go:23.16,26.3 2 0
codeberg.org/stanhoenson/krushr/internal/handlers/generic.go:27.2,30.16 3 1
codeberg.org/stanhoenson/krushr/internal/handlers/generic.go:30.16,33.3 2 1
codeberg.org/stanhoenson/krushr/internal/handlers/generic.go:35.2,35.35 1 1
codeberg.org/stanhoenson/krushr/internal/handlers/generic.go:38.225,39.56 1 0
codeberg.org/stanhoenson/krushr/internal/handlers/generic.go:39.56,41.3 1 0
codeberg.org/stanhoenson/krushr/internal/handlers/generic.go:44.102,46.16 2 1
codeberg.org/stanhoenson/krushr/internal/handlers/generic.go:46.16,49.3 2 0
codeberg.org/stanhoenson/krushr/internal/handlers/generic.go:51.2,51.41 1 1
codeberg.org/stanhoenson/krushr/internal/handlers/generic.go:54.226,55.64 1 0
codeberg.org/stanhoenson/krushr/internal/handlers/generic.go:55.64,57.3 1 0
codeberg.org/stanhoenson/krushr/internal/handlers/generic.go:60.114,64.16 3 1
codeberg.org/stanhoenson/krushr/internal/handlers/generic.go:64.16,67.3 2 0
codeberg.org/stanhoenson/krushr/internal/handlers/generic.go:68.2,71.16 3 1
codeberg.org/stanhoenson/krushr/internal/handlers/generic.go:71.16,74.3 2 1
codeberg.org/stanhoenson/krushr/internal/handlers/generic.go:76.2,76.39 1 1
codeberg.org/stanhoenson/krushr/internal/handlers/generic.go:79.229,82.49 2 1
codeberg.org/stanhoenson/krushr/internal/handlers/generic.go:82.49,85.3 2 0
codeberg.org/stanhoenson/krushr/internal/handlers/generic.go:87.2,87.60 1 1
codeberg.org/stanhoenson/krushr/internal/handlers/generic.go:87.60,90.3 2 0
codeberg.org/stanhoenson/krushr/internal/handlers/generic.go:92.2,93.16 2 1
codeberg.org/stanhoenson/krushr/internal/handlers/generic.go:93.16,96.3 2 0
codeberg.org/stanhoenson/krushr/internal/handlers/generic.go:98.2,98.46 1 1
codeberg.org/stanhoenson/krushr/internal/handlers/generic.go:101.237,105.16 3 1
codeberg.org/stanhoenson/krushr/internal/handlers/generic.go:105.16,108.3 2 0
codeberg.org/stanhoenson/krushr/internal/handlers/generic.go:109.2,113.49 3 1
codeberg.org/stanhoenson/krushr/internal/handlers/generic.go:113.49,116.3 2 0
codeberg.org/stanhoenson/krushr/internal/handlers/generic.go:118.2,118.60 1 1
codeberg.org/stanhoenson/krushr/internal/handlers/generic.go:118.60,121.3 2 0
codeberg.org/stanhoenson/krushr/internal/handlers/generic.go:123.2,124.16 2 1
codeberg.org/stanhoenson/krushr/internal/handlers/generic.go:124.16,127.3 2 0
codeberg.org/stanhoenson/krushr/internal/handlers/generic.go:129.2,129.46 1 1
codeberg.org/stanhoenson/krushr/internal/handlers/images.go:14.39,18.16 3 0
codeberg.org/stanhoenson/krushr/internal/handlers/images.go:18.16,21.3 2 0
codeberg.org/stanhoenson/krushr/internal/handlers/images.go:22.2,25.16 3 0
codeberg.org/stanhoenson/krushr/internal/handlers/images.go:25.16,29.3 2 0
codeberg.org/stanhoenson/krushr/internal/handlers/images.go:31.2,34.15 3 0
codeberg.org/stanhoenson/krushr/internal/handlers/images.go:37.32,40.16 2 0
codeberg.org/stanhoenson/krushr/internal/handlers/images.go:40.16,43.3 2 0
codeberg.org/stanhoenson/krushr/internal/handlers/images.go:45.2,46.16 2 0
codeberg.org/stanhoenson/krushr/internal/handlers/images.go:46.16,50.3 2 0
codeberg.org/stanhoenson/krushr/internal/handlers/images.go:52.2,52.44 1 0
codeberg.org/stanhoenson/krushr/internal/handlers/images.go:55.41,59.2 3 0
codeberg.org/stanhoenson/krushr/internal/handlers/images.go:59.2,63.3 3 0
codeberg.org/stanhoenson/krushr/internal/handlers/index.go:7.38,18.2 10 0
codeberg.org/stanhoenson/krushr/internal/handlers/legacy.go:9.42,11.2 2 0
codeberg.org/stanhoenson/krushr/internal/handlers/legacy.go:11.2,12.47 1 0
codeberg.org/stanhoenson/krushr/internal/handlers/legacy.go:12.47,13.68 1 0
codeberg.org/stanhoenson/krushr/internal/handlers/legacy.go:13.68,15.5 1 0
codeberg.org/stanhoenson/krushr/internal/handlers/legacy.go:17.3,17.51 1 0
codeberg.org/stanhoenson/krushr/internal/handlers/legacy.go:17.51,18.76 1 0
codeberg.org/stanhoenson/krushr/internal/handlers/legacy.go:18.76,20.5 1 0
codeberg.org/stanhoenson/krushr/internal/handlers/legacy.go:22.3,23.46 2 0
codeberg.org/stanhoenson/krushr/internal/handlers/legacy.go:23.46,24.67 1 0
codeberg.org/stanhoenson/krushr/internal/handlers/legacy.go:24.67,26.5 1 0
codeberg.org/stanhoenson/krushr/internal/handlers/links.go:10.40,12.2 2 0
codeberg.org/stanhoenson/krushr/internal/handlers/links.go:12.2,15.3 2 0
codeberg.org/stanhoenson/krushr/internal/handlers/poi.go:15.51,17.2 2 0
codeberg.org/stanhoenson/krushr/internal/handlers/poi.go:17.2,20.86 3 0
codeberg.org/stanhoenson/krushr/internal/handlers/poi.go:20.86,21.107 1 0
codeberg.org/stanhoenson/krushr/internal/handlers/poi.go:21.107,23.19 2 0
codeberg.org/stanhoenson/krushr/internal/handlers/poi.go:23.19,25.6 1 0
codeberg.org/stanhoenson/krushr/internal/handlers/poi.go:27.5,27.75 1 0
codeberg.org/stanhoenson/krushr/internal/handlers/poi.go:30.3,30.83 1 0
codeberg.org/stanhoenson/krushr/internal/handlers/poi.go:30.83,31.84 1 0
codeberg.org/stanhoenson/krushr/internal/handlers/poi.go:31.84,33.5 1 0
codeberg.org/stanhoenson/krushr/internal/handlers/poi.go:34.112,36.20 2 0
codeberg.org/stanhoenson/krushr/internal/handlers/poi.go:36.20,38.7 1 0
codeberg.org/stanhoenson/krushr/internal/handlers/poi.go:39.6,39.102 1 0
codeberg.org/stanhoenson/krushr/internal/handlers/poi.go:39.102,41.7 1 0
codeberg.org/stanhoenson/krushr/internal/handlers/poi.go:44.3,44.78 1 0
codeberg.org/stanhoenson/krushr/internal/handlers/poi.go:44.78,45.84 1 0
codeberg.org/stanhoenson/krushr/internal/handlers/poi.go:45.84,47.5 1 0
codeberg.org/stanhoenson/krushr/internal/handlers/poi.go:47.106,49.19 2 0
codeberg.org/stanhoenson/krushr/internal/handlers/poi.go:49.19,51.6 1 0
codeberg.org/stanhoenson/krushr/internal/handlers/poi.go:52.5,52.101 1 0
codeberg.org/stanhoenson/krushr/internal/handlers/poi.go:52.101,54.6 1 0
codeberg.org/stanhoenson/krushr/internal/handlers/routes.go:16.41,18.2 2 1
codeberg.org/stanhoenson/krushr/internal/handlers/routes.go:18.2,19.39 1 1
codeberg.org/stanhoenson/krushr/internal/handlers/routes.go:19.39,20.60 1 1
codeberg.org/stanhoenson/krushr/internal/handlers/routes.go:20.60,22.19 2 1
codeberg.org/stanhoenson/krushr/internal/handlers/routes.go:22.19,24.6 1 1
codeberg.org/stanhoenson/krushr/internal/handlers/routes.go:26.5,26.60 1 1
codeberg.org/stanhoenson/krushr/internal/handlers/routes.go:26.60,28.6 1 1
codeberg.org/stanhoenson/krushr/internal/handlers/routes.go:30.5,30.63 1 1
codeberg.org/stanhoenson/krushr/internal/handlers/routes.go:33.3,33.45 1 1
codeberg.org/stanhoenson/krushr/internal/handlers/routes.go:33.45,34.70 1 1
codeberg.org/stanhoenson/krushr/internal/handlers/routes.go:34.70,36.19 2 1
codeberg.org/stanhoenson/krushr/internal/handlers/routes.go:36.19,38.6 1 0
codeberg.org/stanhoenson/krushr/internal/handlers/routes.go:40.5,40.60 1 1
codeberg.org/stanhoenson/krushr/internal/handlers/routes.go:40.60,42.6 1 0
codeberg.org/stanhoenson/krushr/internal/handlers/routes.go:44.5,44.64 1 1
codeberg.org/stanhoenson/krushr/internal/handlers/routes.go:47.3,47.80 1 1
codeberg.org/stanhoenson/krushr/internal/handlers/routes.go:47.80,48.76 1 1
codeberg.org/stanhoenson/krushr/internal/handlers/routes.go:48.76,50.5 1 1
codeberg.org/stanhoenson/krushr/internal/handlers/routes.go:51.84,53.20 2 1
codeberg.org/stanhoenson/krushr/internal/handlers/routes.go:53.20,55.7 1 0
codeberg.org/stanhoenson/krushr/internal/handlers/routes.go:56.6,56.92 1 1
codeberg.org/stanhoenson/krushr/internal/handlers/routes.go:56.92,58.7 1 1
codeberg.org/stanhoenson/krushr/internal/handlers/routes.go:61.3,61.83 1 1
codeberg.org/stanhoenson/krushr/internal/handlers/routes.go:61.83,62.74 1 1
codeberg.org/stanhoenson/krushr/internal/handlers/routes.go:62.74,64.5 1 1
codeberg.org/stanhoenson/krushr/internal/handlers/routes.go:64.94,66.19 2 1
codeberg.org/stanhoenson/krushr/internal/handlers/routes.go:66.19,68.6 1 0
codeberg.org/stanhoenson/krushr/internal/handlers/routes.go:69.5,69.91 1 1
codeberg.org/stanhoenson/krushr/internal/handlers/routes.go:69.91,71.6 1 1
codeberg.org/stanhoenson/krushr/internal/handlers/routes.go:74.3,74.86 1 1
codeberg.org/stanhoenson/krushr/internal/handlers/routes.go:74.86,75.73 1 1
codeberg.org/stanhoenson/krushr/internal/handlers/routes.go:75.73,77.19 2 1
codeberg.org/stanhoenson/krushr/internal/handlers/routes.go:77.19,79.6 1 0
codeberg.org/stanhoenson/krushr/internal/handlers/routes.go:81.5,81.66 1 1
codeberg.org/stanhoenson/krushr/internal/handlers/statuses.go:10.42,12.2 2 0
codeberg.org/stanhoenson/krushr/internal/handlers/statuses.go:12.2,15.3 2 0
codeberg.org/stanhoenson/krushr/internal/handlers/users.go:17.28,19.16 2 0
codeberg.org/stanhoenson/krushr/internal/handlers/users.go:19.16,21.3 1 0
codeberg.org/stanhoenson/krushr/internal/handlers/users.go:22.2,23.16 2 0
codeberg.org/stanhoenson/krushr/internal/handlers/users.go:23.16,26.3 2 0
codeberg.org/stanhoenson/krushr/internal/handlers/users.go:28.2,28.39 1 0
codeberg.org/stanhoenson/krushr/internal/handlers/users.go:31.40,33.2 2 0
codeberg.org/stanhoenson/krushr/internal/handlers/users.go:33.2,36.98 3 0
codeberg.org/stanhoenson/krushr/internal/handlers/users.go:36.98,37.75 1 0
codeberg.org/stanhoenson/krushr/internal/handlers/users.go:37.75,39.5 1 0
codeberg.org/stanhoenson/krushr/internal/handlers/users.go:39.84,41.5 1 0
codeberg.org/stanhoenson/krushr/internal/handlers/users.go:43.3,43.97 1 0
codeberg.org/stanhoenson/krushr/internal/handlers/users.go:43.97,44.73 1 0
codeberg.org/stanhoenson/krushr/internal/handlers/users.go:44.73,46.5 1 0
codeberg.org/stanhoenson/krushr/internal/handlers/users.go:46.92,48.5 1 0
codeberg.org/stanhoenson/krushr/internal/handlers/users.go:50.3,50.104 1 0
codeberg.org/stanhoenson/krushr/internal/handlers/users.go:50.104,51.72 1 0
codeberg.org/stanhoenson/krushr/internal/handlers/users.go:51.72,53.19 2 0
codeberg.org/stanhoenson/krushr/internal/handlers/users.go:53.19,55.6 1 0
codeberg.org/stanhoenson/krushr/internal/handlers/users.go:57.5,57.22 1 0
codeberg.org/stanhoenson/krushr/internal/handlers/users.go:57.22,59.6 1 0
codeberg.org/stanhoenson/krushr/internal/handlers/users.go:61.5,61.54 1 0
codeberg.org/stanhoenson/krushr/internal/middleware/authorization.go:11.38,12.30 1 1
codeberg.org/stanhoenson/krushr/internal/middleware/authorization.go:12.30,14.17 2 1
codeberg.org/stanhoenson/krushr/internal/middleware/authorization.go:14.17,17.4 1 1
codeberg.org/stanhoenson/krushr/internal/middleware/authorization.go:17.9,17.51 1 1
codeberg.org/stanhoenson/krushr/internal/middleware/authorization.go:17.51,21.4 2 0
codeberg.org/stanhoenson/krushr/internal/middleware/authorization.go:21.9,23.18 2 1
codeberg.org/stanhoenson/krushr/internal/middleware/authorization.go:23.18,28.5 3 0
codeberg.org/stanhoenson/krushr/internal/middleware/authorization.go:30.4,30.36 1 1
codeberg.org/stanhoenson/krushr/internal/middleware/authorization.go:32.3,32.11 1 1
codeberg.org/stanhoenson/krushr/internal/models/bodies.go:86.70,92.2 1 1
codeberg.org/stanhoenson/krushr/internal/models/bodies.go:94.85,100.2 1 1
codeberg.org/stanhoenson/krushr/internal/models/index.go:32.50,34.2 1 1
codeberg.org/stanhoenson/krushr/internal/models/index.go:36.67,38.24 2 0
codeberg.org/stanhoenson/krushr/internal/models/index.go:38.24,40.3 1 0
codeberg.org/stanhoenson/krushr/internal/models/index.go:41.2,42.28 2 0
codeberg.org/stanhoenson/krushr/internal/models/index.go:42.28,44.3 1 0
codeberg.org/stanhoenson/krushr/internal/models/index.go:45.2,48.34 3 0
codeberg.org/stanhoenson/krushr/internal/models/index.go:48.34,49.17 1 0
codeberg.org/stanhoenson/krushr/internal/models/index.go:49.17,51.4 1 0
codeberg.org/stanhoenson/krushr/internal/models/index.go:51.9,53.4 1 0
codeberg.org/stanhoenson/krushr/internal/models/index.go:56.2,68.14 2 0
codeberg.org/stanhoenson/krushr/internal/models/index.go:68.14,72.44 2 0
codeberg.org/stanhoenson/krushr/internal/models/index.go:72.44,74.4 1 0
codeberg.org/stanhoenson/krushr/internal/models/index.go:75.3,75.32 1 0
codeberg.org/stanhoenson/krushr/internal/models/index.go:77.2,77.25 1 0
codeberg.org/stanhoenson/krushr/internal/models/index.go:87.42,95.2 1 0
codeberg.org/stanhoenson/krushr/internal/models/index.go:104.43,114.2 1 0
codeberg.org/stanhoenson/krushr/internal/models/index.go:124.41,133.2 1 0
codeberg.org/stanhoenson/krushr/internal/models/index.go:143.53,150.2 1 0
codeberg.org/stanhoenson/krushr/internal/models/index.go:152.45,160.2 1 0
codeberg.org/stanhoenson/krushr/internal/models/index.go:182.91,186.33 4 0
codeberg.org/stanhoenson/krushr/internal/models/index.go:186.33,188.3 1 0
codeberg.org/stanhoenson/krushr/internal/models/index.go:190.2,192.30 2 0
codeberg.org/stanhoenson/krushr/internal/models/index.go:192.30,194.3 1 0
codeberg.org/stanhoenson/krushr/internal/models/index.go:195.2,195.28 1 0
codeberg.org/stanhoenson/krushr/internal/models/index.go:195.28,197.3 1 0
codeberg.org/stanhoenson/krushr/internal/models/index.go:198.2,198.29 1 0
codeberg.org/stanhoenson/krushr/internal/models/index.go:198.29,200.3 1 0
codeberg.org/stanhoenson/krushr/internal/models/index.go:202.2,210.3 1 0
codeberg.org/stanhoenson/krushr/internal/models/index.go:213.43,215.2 1 1
codeberg.org/stanhoenson/krushr/internal/repositories/generic.go:12.234,17.25 3 1
codeberg.org/stanhoenson/krushr/internal/repositories/generic.go:17.25,19.3 1 0
codeberg.org/stanhoenson/krushr/internal/repositories/generic.go:21.2,21.21 1 1
codeberg.org/stanhoenson/krushr/internal/repositories/generic.go:24.271,29.25 3 0
codeberg.org/stanhoenson/krushr/internal/repositories/generic.go:29.25,31.3 1 0
codeberg.org/stanhoenson/krushr/internal/repositories/generic.go:33.2,33.21 1 0
codeberg.org/stanhoenson/krushr/internal/repositories/generic.go:36.244,39.25 2 1
codeberg.org/stanhoenson/krushr/internal/repositories/generic.go:39.25,41.3 1 0
codeberg.org/stanhoenson/krushr/internal/repositories/generic.go:43.2,43.20 1 1
codeberg.org/stanhoenson/krushr/internal/repositories/generic.go:46.235,49.25 2 1
codeberg.org/stanhoenson/krushr/internal/repositories/generic.go:49.25,51.3 1 0
codeberg.org/stanhoenson/krushr/internal/repositories/generic.go:53.2,53.20 1 1
codeberg.org/stanhoenson/krushr/internal/repositories/generic.go:56.235,59.25 2 0
codeberg.org/stanhoenson/krushr/internal/repositories/generic.go:59.25,61.3 1 0
codeberg.org/stanhoenson/krushr/internal/repositories/generic.go:63.2,63.30 1 0
codeberg.org/stanhoenson/krushr/internal/repositories/generic.go:63.30,65.3 1 0
codeberg.org/stanhoenson/krushr/internal/repositories/generic.go:67.2,67.20 1 0
codeberg.org/stanhoenson/krushr/internal/repositories/generic.go:70.251,73.25 2 1
codeberg.org/stanhoenson/krushr/internal/repositories/generic.go:73.25,75.3 1 0
codeberg.org/stanhoenson/krushr/internal/repositories/generic.go:77.2,77.20 1 1
codeberg.org/stanhoenson/krushr/internal/repositories/generic.go:80.237,85.25 3 0
codeberg.org/stanhoenson/krushr/internal/repositories/generic.go:85.25,87.3 1 0
codeberg.org/stanhoenson/krushr/internal/repositories/generic.go:89.2,89.30 1 0
codeberg.org/stanhoenson/krushr/internal/repositories/generic.go:89.30,91.3 1 0
codeberg.org/stanhoenson/krushr/internal/repositories/generic.go:93.2,93.21 1 0
codeberg.org/stanhoenson/krushr/internal/repositories/generic.go:96.235,99.25 2 1
codeberg.org/stanhoenson/krushr/internal/repositories/generic.go:99.25,101.3 1 0
codeberg.org/stanhoenson/krushr/internal/repositories/generic.go:103.2,103.20 1 1
codeberg.org/stanhoenson/krushr/internal/repositories/generic.go:107.225,112.25 3 0
codeberg.org/stanhoenson/krushr/internal/repositories/generic.go:112.25,114.3 1 0
codeberg.org/stanhoenson/krushr/internal/repositories/generic.go:116.2,116.23 1 0
codeberg.org/stanhoenson/krushr/internal/repositories/generic.go:119.262,124.25 3 1
codeberg.org/stanhoenson/krushr/internal/repositories/generic.go:124.25,126.3 1 0
codeberg.org/stanhoenson/krushr/internal/repositories/generic.go:128.2,128.23 1 1
codeberg.org/stanhoenson/krushr/internal/repositories/generic.go:131.243,136.25 3 1
codeberg.org/stanhoenson/krushr/internal/repositories/generic.go:136.25,138.3 1 0
codeberg.org/stanhoenson/krushr/internal/repositories/generic.go:138.8,138.39 1 1
codeberg.org/stanhoenson/krushr/internal/repositories/generic.go:138.39,140.3 1 0
codeberg.org/stanhoenson/krushr/internal/repositories/generic.go:142.2,142.23 1 1
codeberg.org/stanhoenson/krushr/internal/repositories/generic.go:145.271,150.25 3 0
codeberg.org/stanhoenson/krushr/internal/repositories/generic.go:150.25,152.3 1 0
codeberg.org/stanhoenson/krushr/internal/repositories/generic.go:152.8,152.39 1 0
codeberg.org/stanhoenson/krushr/internal/repositories/generic.go:152.39,154.3 1 0
codeberg.org/stanhoenson/krushr/internal/repositories/generic.go:156.2,156.23 1 0
codeberg.org/stanhoenson/krushr/internal/repositories/generic.go:159.252,164.25 3 0
codeberg.org/stanhoenson/krushr/internal/repositories/generic.go:164.25,166.3 1 0
codeberg.org/stanhoenson/krushr/internal/repositories/generic.go:167.2,167.23 1 0
codeberg.org/stanhoenson/krushr/internal/repositories/generic.go:170.243,173.25 2 0
codeberg.org/stanhoenson/krushr/internal/repositories/generic.go:173.25,175.3 1 0
codeberg.org/stanhoenson/krushr/internal/repositories/generic.go:177.2,177.22 1 0
codeberg.org/stanhoenson/krushr/internal/repositories/generic.go:180.243,183.25 2 0
codeberg.org/stanhoenson/krushr/internal/repositories/generic.go:183.25,185.3 1 0
codeberg.org/stanhoenson/krushr/internal/repositories/generic.go:187.2,187.30 1 0
codeberg.org/stanhoenson/krushr/internal/repositories/generic.go:187.30,189.3 1 0
codeberg.org/stanhoenson/krushr/internal/repositories/generic.go:191.2,191.22 1 0
codeberg.org/stanhoenson/krushr/internal/repositories/generic.go:194.243,197.25 2 0
codeberg.org/stanhoenson/krushr/internal/repositories/generic.go:197.25,199.3 1 0
codeberg.org/stanhoenson/krushr/internal/repositories/generic.go:201.2,201.22 1 0
codeberg.org/stanhoenson/krushr/internal/repositories/generic.go:204.261,207.25 2 0
codeberg.org/stanhoenson/krushr/internal/repositories/generic.go:207.25,209.3 1 0
codeberg.org/stanhoenson/krushr/internal/repositories/generic.go:211.2,211.20 1 0
codeberg.org/stanhoenson/krushr/internal/repositories/poi.go:9.119,14.25 3 0
codeberg.org/stanhoenson/krushr/internal/repositories/poi.go:14.25,16.3 1 0
codeberg.org/stanhoenson/krushr/internal/repositories/poi.go:18.2,18.30 1 0
codeberg.org/stanhoenson/krushr/internal/repositories/poi.go:21.106,25.25 3 0
codeberg.org/stanhoenson/krushr/internal/repositories/poi.go:25.25,27.3 1 0
codeberg.org/stanhoenson/krushr/internal/repositories/poi.go:29.2,29.30 1 0
codeberg.org/stanhoenson/krushr/internal/repositories/poi.go:32.130,40.25 3 1
codeberg.org/stanhoenson/krushr/internal/repositories/poi.go:40.25,42.3 1 0
codeberg.org/stanhoenson/krushr/internal/repositories/poi.go:44.2,44.31 1 1
codeberg.org/stanhoenson/krushr/internal/repositories/routes.go:13.89,19.25 4 1
codeberg.org/stanhoenson/krushr/internal/repositories/routes.go:19.25,21.3 1 0
codeberg.org/stanhoenson/krushr/internal/repositories/routes.go:23.2,23.30 1 1
codeberg.org/stanhoenson/krushr/internal/repositories/routes.go:23.30,25.3 1 1
codeberg.org/stanhoenson/krushr/internal/repositories/routes.go:27.2,27.20 1 1
codeberg.org/stanhoenson/krushr/internal/repositories/routes.go:30.91,35.25 3 1
codeberg.org/stanhoenson/krushr/internal/repositories/routes.go:35.25,37.3 1 0
codeberg.org/stanhoenson/krushr/internal/repositories/routes.go:39.2,39.21 1 1
codeberg.org/stanhoenson/krushr/internal/repositories/routes.go:42.63,47.25 3 1
codeberg.org/stanhoenson/krushr/internal/repositories/routes.go:47.25,49.3 1 0
codeberg.org/stanhoenson/krushr/internal/repositories/routes.go:51.2,51.21 1 1
codeberg.org/stanhoenson/krushr/internal/repositories/routes.go:54.73,59.25 3 0
codeberg.org/stanhoenson/krushr/internal/repositories/routes.go:59.25,61.3 1 0
codeberg.org/stanhoenson/krushr/internal/repositories/routes.go:63.2,63.20 1 0
codeberg.org/stanhoenson/krushr/internal/repositories/routes.go:66.95,71.25 3 1
codeberg.org/stanhoenson/krushr/internal/repositories/routes.go:71.25,73.3 1 1
codeberg.org/stanhoenson/krushr/internal/repositories/routes.go:75.2,75.20 1 1
codeberg.org/stanhoenson/krushr/internal/repositories/routes.go:78.86,82.25 3 1
codeberg.org/stanhoenson/krushr/internal/repositories/routes.go:82.25,84.3 1 0
codeberg.org/stanhoenson/krushr/internal/repositories/routes.go:86.2,86.20 1 1
codeberg.org/stanhoenson/krushr/internal/repositories/routes.go:89.80,93.25 3 0
codeberg.org/stanhoenson/krushr/internal/repositories/routes.go:93.25,95.3 1 0
codeberg.org/stanhoenson/krushr/internal/repositories/routes.go:97.2,97.20 1 0
codeberg.org/stanhoenson/krushr/internal/repositories/users.go:8.57,13.25 3 1
codeberg.org/stanhoenson/krushr/internal/repositories/users.go:13.25,15.3 1 0
codeberg.org/stanhoenson/krushr/internal/repositories/users.go:17.2,17.19 1 1
codeberg.org/stanhoenson/krushr/internal/repositories/users.go:20.57,25.25 3 1
codeberg.org/stanhoenson/krushr/internal/repositories/users.go:25.25,27.3 1 0
codeberg.org/stanhoenson/krushr/internal/repositories/users.go:29.2,29.19 1 1
codeberg.org/stanhoenson/krushr/internal/services/authentication.go:16.84,18.16 2 0
codeberg.org/stanhoenson/krushr/internal/services/authentication.go:18.16,20.3 1 0
codeberg.org/stanhoenson/krushr/internal/services/authentication.go:22.2,27.16 5 0
codeberg.org/stanhoenson/krushr/internal/services/authentication.go:27.16,29.3 1 0
codeberg.org/stanhoenson/krushr/internal/services/authentication.go:31.2,33.54 2 0
codeberg.org/stanhoenson/krushr/internal/services/authentication.go:36.66,38.16 2 1
codeberg.org/stanhoenson/krushr/internal/services/authentication.go:38.16,40.3 1 0
codeberg.org/stanhoenson/krushr/internal/services/authentication.go:42.2,44.16 2 1
codeberg.org/stanhoenson/krushr/internal/services/authentication.go:44.16,46.3 1 1
codeberg.org/stanhoenson/krushr/internal/services/authentication.go:48.2,50.16 3 1
codeberg.org/stanhoenson/krushr/internal/services/authentication.go:50.16,52.3 1 0
codeberg.org/stanhoenson/krushr/internal/services/authentication.go:54.2,54.19 1 1
codeberg.org/stanhoenson/krushr/internal/services/authentication.go:62.87,69.2 3 1
codeberg.org/stanhoenson/krushr/internal/services/authentication.go:71.61,72.104 1 1
codeberg.org/stanhoenson/krushr/internal/services/authentication.go:72.104,74.3 1 1
codeberg.org/stanhoenson/krushr/internal/services/authentication.go:75.2,75.16 1 1
codeberg.org/stanhoenson/krushr/internal/services/authentication.go:75.16,77.3 1 0
codeberg.org/stanhoenson/krushr/internal/services/authentication.go:78.2,78.18 1 1
codeberg.org/stanhoenson/krushr/internal/services/authentication.go:78.18,80.3 1 0
codeberg.org/stanhoenson/krushr/internal/services/authentication.go:81.2,82.9 2 1
codeberg.org/stanhoenson/krushr/internal/services/authentication.go:82.9,84.3 1 0
codeberg.org/stanhoenson/krushr/internal/services/authentication.go:86.2,87.16 2 1
codeberg.org/stanhoenson/krushr/internal/services/authentication.go:87.16,89.3 1 0
codeberg.org/stanhoenson/krushr/internal/services/authentication.go:91.2,91.18 1 1
codeberg.org/stanhoenson/krushr/internal/services/categories.go:10.110,17.16 3 1
codeberg.org/stanhoenson/krushr/internal/services/categories.go:17.16,19.3 1 0
codeberg.org/stanhoenson/krushr/internal/services/categories.go:21.2,21.29 1 1
codeberg.org/stanhoenson/krushr/internal/services/categories.go:24.90,31.16 3 0
codeberg.org/stanhoenson/krushr/internal/services/categories.go:31.16,33.3 1 0
codeberg.org/stanhoenson/krushr/internal/services/categories.go:35.2,35.29 1 0
codeberg.org/stanhoenson/krushr/internal/services/categories.go:38.97,40.16 2 0
codeberg.org/stanhoenson/krushr/internal/services/categories.go:40.16,42.3 1 0
codeberg.org/stanhoenson/krushr/internal/services/categories.go:44.2,48.16 4 0
codeberg.org/stanhoenson/krushr/internal/services/categories.go:48.16,50.3 1 0
codeberg.org/stanhoenson/krushr/internal/services/categories.go:52.2,52.29 1 0
codeberg.org/stanhoenson/krushr/internal/services/details.go:9.102,15.16 3 1
codeberg.org/stanhoenson/krushr/internal/services/details.go:15.16,17.3 1 0
codeberg.org/stanhoenson/krushr/internal/services/details.go:19.2,19.27 1 1
codeberg.org/stanhoenson/krushr/internal/services/generic.go:10.221,12.2 1 0
codeberg.org/stanhoenson/krushr/internal/services/generic.go:14.258,16.2 1 0
codeberg.org/stanhoenson/krushr/internal/services/generic.go:18.222,20.2 1 0
codeberg.org/stanhoenson/krushr/internal/services/generic.go:22.222,24.2 1 0
codeberg.org/stanhoenson/krushr/internal/services/generic.go:26.224,28.2 1 0
codeberg.org/stanhoenson/krushr/internal/services/generic.go:30.222,32.2 1 0
codeberg.org/stanhoenson/krushr/internal/services/generic.go:35.214,37.2 1 0
codeberg.org/stanhoenson/krushr/internal/services/generic.go:39.249,41.2 1 1
codeberg.org/stanhoenson/krushr/internal/services/generic.go:43.230,45.2 1 1
codeberg.org/stanhoenson/krushr/internal/services/generic.go:47.258,49.2 1 0
codeberg.org/stanhoenson/krushr/internal/services/generic.go:51.239,53.2 1 0
codeberg.org/stanhoenson/krushr/internal/services/generic.go:55.230,57.2 1 0
codeberg.org/stanhoenson/krushr/internal/services/generic.go:59.230,61.2 1 0
codeberg.org/stanhoenson/krushr/internal/services/generic.go:63.230,65.2 1 0
codeberg.org/stanhoenson/krushr/internal/services/generic.go:67.248,69.2 1 0
codeberg.org/stanhoenson/krushr/internal/services/images.go:14.75,18.16 3 0
codeberg.org/stanhoenson/krushr/internal/services/images.go:18.16,21.3 2 0
codeberg.org/stanhoenson/krushr/internal/services/images.go:23.2,26.16 3 0
codeberg.org/stanhoenson/krushr/internal/services/images.go:26.16,29.17 3 0
codeberg.org/stanhoenson/krushr/internal/services/images.go:29.17,31.4 1 0
codeberg.org/stanhoenson/krushr/internal/services/images.go:32.3,32.18 1 0
codeberg.org/stanhoenson/krushr/internal/services/images.go:35.2,36.26 2 0
codeberg.org/stanhoenson/krushr/internal/services/images.go:39.41,42.16 3 0
codeberg.org/stanhoenson/krushr/internal/services/images.go:42.16,45.3 2 0
codeberg.org/stanhoenson/krushr/internal/services/images.go:47.2,48.16 2 0
codeberg.org/stanhoenson/krushr/internal/services/images.go:48.16,51.3 2 0
codeberg.org/stanhoenson/krushr/internal/services/images.go:53.2,54.16 2 0
codeberg.org/stanhoenson/krushr/internal/services/images.go:54.16,57.3 2 0
codeberg.org/stanhoenson/krushr/internal/services/images.go:59.2,60.22 2 0
codeberg.org/stanhoenson/krushr/internal/services/images.go:63.46,65.16 2 0
codeberg.org/stanhoenson/krushr/internal/services/images.go:65.16,67.3 1 0
codeberg.org/stanhoenson/krushr/internal/services/images.go:69.2,70.16 2 0
codeberg.org/stanhoenson/krushr/internal/services/images.go:70.16,72.3 1 0
codeberg.org/stanhoenson/krushr/internal/services/images.go:73.2,73.18 1 0
codeberg.org/stanhoenson/krushr/internal/services/legacy.go:10.63,12.16 2 0
codeberg.org/stanhoenson/krushr/internal/services/legacy.go:12.16,14.3 1 0
codeberg.org/stanhoenson/krushr/internal/services/legacy.go:15.2,16.16 2 0
codeberg.org/stanhoenson/krushr/internal/services/legacy.go:16.16,18.3 1 0
codeberg.org/stanhoenson/krushr/internal/services/legacy.go:20.2,20.59 1 0
codeberg.org/stanhoenson/krushr/internal/services/legacy.go:20.59,22.3 1 0
codeberg.org/stanhoenson/krushr/internal/services/legacy.go:24.2,24.44 1 0
codeberg.org/stanhoenson/krushr/internal/services/legacy.go:24.44,26.3 1 0
codeberg.org/stanhoenson/krushr/internal/services/legacy.go:28.2,29.16 2 0
codeberg.org/stanhoenson/krushr/internal/services/legacy.go:29.16,31.3 1 0
codeberg.org/stanhoenson/krushr/internal/services/legacy.go:33.2,33.25 1 0
codeberg.org/stanhoenson/krushr/internal/services/legacy.go:36.55,38.16 2 0
codeberg.org/stanhoenson/krushr/internal/services/legacy.go:38.16,40.3 1 0
codeberg.org/stanhoenson/krushr/internal/services/legacy.go:42.2,43.28 2 0
codeberg.org/stanhoenson/krushr/internal/services/legacy.go:43.28,47.17 3 0
codeberg.org/stanhoenson/krushr/internal/services/legacy.go:47.17,49.4 1 0
codeberg.org/stanhoenson/krushr/internal/services/legacy.go:50.3,50.52 1 0
codeberg.org/stanhoenson/krushr/internal/services/legacy.go:53.2,53.27 1 0
codeberg.org/stanhoenson/krushr/internal/services/legacy.go:56.53,58.16 2 0
codeberg.org/stanhoenson/krushr/internal/services/legacy.go:58.16,60.3 1 0
codeberg.org/stanhoenson/krushr/internal/services/legacy.go:61.2,62.32 2 0
codeberg.org/stanhoenson/krushr/internal/services/legacy.go:62.32,64.3 1 0
codeberg.org/stanhoenson/krushr/internal/services/legacy.go:65.2,65.26 1 0
codeberg.org/stanhoenson/krushr/internal/services/links.go:9.94,16.16 3 1
codeberg.org/stanhoenson/krushr/internal/services/links.go:16.16,18.3 1 0
codeberg.org/stanhoenson/krushr/internal/services/links.go:20.2,20.25 1 1
codeberg.org/stanhoenson/krushr/internal/services/poi.go:13.125,14.60 1 0
codeberg.org/stanhoenson/krushr/internal/services/poi.go:14.60,16.3 1 0
codeberg.org/stanhoenson/krushr/internal/services/poi.go:17.2,17.105 1 0
codeberg.org/stanhoenson/krushr/internal/services/poi.go:20.170,24.16 2 0
codeberg.org/stanhoenson/krushr/internal/services/poi.go:24.16,26.3 1 0
codeberg.org/stanhoenson/krushr/internal/services/poi.go:28.2,29.16 2 0
codeberg.org/stanhoenson/krushr/internal/services/poi.go:29.16,31.3 1 0
codeberg.org/stanhoenson/krushr/internal/services/poi.go:33.2,47.16 12 0
codeberg.org/stanhoenson/krushr/internal/services/poi.go:47.16,49.3 1 0
codeberg.org/stanhoenson/krushr/internal/services/poi.go:51.2,51.36 1 0
codeberg.org/stanhoenson/krushr/internal/services/poi.go:61.161,64.49 2 0
codeberg.org/stanhoenson/krushr/internal/services/poi.go:64.49,66.3 1 0
codeberg.org/stanhoenson/krushr/internal/services/poi.go:67.2,67.35 1 0
codeberg.org/stanhoenson/krushr/internal/services/poi.go:67.35,69.3 1 0
codeberg.org/stanhoenson/krushr/internal/services/poi.go:72.2,73.61 2 0
codeberg.org/stanhoenson/krushr/internal/services/poi.go:73.61,76.17 2 0
codeberg.org/stanhoenson/krushr/internal/services/poi.go:76.17,78.4 1 0
codeberg.org/stanhoenson/krushr/internal/services/poi.go:79.3,79.72 1 0
codeberg.org/stanhoenson/krushr/internal/services/poi.go:83.2,84.65 2 0
codeberg.org/stanhoenson/krushr/internal/services/poi.go:84.65,87.17 2 0
codeberg.org/stanhoenson/krushr/internal/services/poi.go:87.17,89.4 1 0
codeberg.org/stanhoenson/krushr/internal/services/poi.go:90.3,90.78 1 0
codeberg.org/stanhoenson/krushr/internal/services/poi.go:94.2,95.70 2 0
codeberg.org/stanhoenson/krushr/internal/services/poi.go:95.70,98.17 2 0
codeberg.org/stanhoenson/krushr/internal/services/poi.go:98.17,100.4 1 0
codeberg.org/stanhoenson/krushr/internal/services/poi.go:101.3,101.86 1 0
codeberg.org/stanhoenson/krushr/internal/services/poi.go:104.2,105.32 2 0
codeberg.org/stanhoenson/krushr/internal/services/poi.go:105.32,108.3 2 0
codeberg.org/stanhoenson/krushr/internal/services/poi.go:110.2,115.8 1 0
codeberg.org/stanhoenson/krushr/internal/services/poi.go:118.163,120.16 2 0
codeberg.org/stanhoenson/krushr/internal/services/poi.go:120.16,122.3 1 0
codeberg.org/stanhoenson/krushr/internal/services/poi.go:124.2,137.16 4 0
codeberg.org/stanhoenson/krushr/internal/services/poi.go:137.16,139.3 1 0
codeberg.org/stanhoenson/krushr/internal/services/poi.go:141.2,141.36 1 0
codeberg.org/stanhoenson/krushr/internal/services/poi.go:144.107,146.35 2 0
codeberg.org/stanhoenson/krushr/internal/services/poi.go:146.35,148.3 1 0
codeberg.org/stanhoenson/krushr/internal/services/poi.go:149.2,151.34 3 0
codeberg.org/stanhoenson/krushr/internal/services/poi.go:151.34,155.17 3 0
codeberg.org/stanhoenson/krushr/internal/services/poi.go:155.17,157.4 1 0
codeberg.org/stanhoenson/krushr/internal/services/poi.go:160.2,161.12 2 0
codeberg.org/stanhoenson/krushr/internal/services/poi.go:164.104,166.33 2 0
codeberg.org/stanhoenson/krushr/internal/services/poi.go:166.33,168.3 1 0
codeberg.org/stanhoenson/krushr/internal/services/poi.go:169.2,171.32 3 0
codeberg.org/stanhoenson/krushr/internal/services/poi.go:171.32,175.17 3 0
codeberg.org/stanhoenson/krushr/internal/services/poi.go:175.17,177.4 1 0
codeberg.org/stanhoenson/krushr/internal/services/poi.go:180.2,181.12 2 0
codeberg.org/stanhoenson/krushr/internal/services/poi.go:184.110,186.37 2 0
codeberg.org/stanhoenson/krushr/internal/services/poi.go:186.37,188.3 1 0
codeberg.org/stanhoenson/krushr/internal/services/poi.go:189.2,191.36 3 0
codeberg.org/stanhoenson/krushr/internal/services/poi.go:191.36,195.17 3 0
codeberg.org/stanhoenson/krushr/internal/services/poi.go:195.17,197.4 1 0
codeberg.org/stanhoenson/krushr/internal/services/poi.go:200.2,201.12 2 0
codeberg.org/stanhoenson/krushr/internal/services/poi.go:204.177,212.49 4 1
codeberg.org/stanhoenson/krushr/internal/services/poi.go:212.49,214.3 1 0
codeberg.org/stanhoenson/krushr/internal/services/poi.go:216.2,216.35 1 1
codeberg.org/stanhoenson/krushr/internal/services/poi.go:216.35,220.17 2 0
codeberg.org/stanhoenson/krushr/internal/services/poi.go:220.17,222.4 1 0
codeberg.org/stanhoenson/krushr/internal/services/poi.go:224.3,224.37 1 0
codeberg.org/stanhoenson/krushr/internal/services/poi.go:225.8,225.68 1 1
codeberg.org/stanhoenson/krushr/internal/services/poi.go:225.68,229.17 2 0
codeberg.org/stanhoenson/krushr/internal/services/poi.go:229.17,231.4 1 0
codeberg.org/stanhoenson/krushr/internal/services/poi.go:233.3,233.37 1 0
codeberg.org/stanhoenson/krushr/internal/services/poi.go:234.8,236.3 1 1
codeberg.org/stanhoenson/krushr/internal/services/poi.go:261.117,263.2 1 1
codeberg.org/stanhoenson/krushr/internal/services/routes.go:15.77,17.16 2 1
codeberg.org/stanhoenson/krushr/internal/services/routes.go:17.16,19.3 1 1
codeberg.org/stanhoenson/krushr/internal/services/routes.go:20.2,21.16 2 1
codeberg.org/stanhoenson/krushr/internal/services/routes.go:21.16,23.3 1 0
codeberg.org/stanhoenson/krushr/internal/services/routes.go:25.2,25.44 1 1
codeberg.org/stanhoenson/krushr/internal/services/routes.go:25.44,27.3 1 1
codeberg.org/stanhoenson/krushr/internal/services/routes.go:29.2,29.19 1 1
codeberg.org/stanhoenson/krushr/internal/services/routes.go:32.67,34.16 2 0
codeberg.org/stanhoenson/krushr/internal/services/routes.go:34.16,36.3 1 0
codeberg.org/stanhoenson/krushr/internal/services/routes.go:37.2,38.16 2 0
codeberg.org/stanhoenson/krushr/internal/services/routes.go:38.16,40.3 1 0
codeberg.org/stanhoenson/krushr/internal/services/routes.go:42.2,42.44 1 0
codeberg.org/stanhoenson/krushr/internal/services/routes.go:42.44,44.3 1 0
codeberg.org/stanhoenson/krushr/internal/services/routes.go:46.2,46.19 1 0
codeberg.org/stanhoenson/krushr/internal/services/routes.go:49.78,51.2 1 1
codeberg.org/stanhoenson/krushr/internal/services/routes.go:53.52,55.2 1 1
codeberg.org/stanhoenson/krushr/internal/services/routes.go:58.60,60.16 2 0
codeberg.org/stanhoenson/krushr/internal/services/routes.go:60.16,62.3 1 0
codeberg.org/stanhoenson/krushr/internal/services/routes.go:64.2,65.16 2 0
codeberg.org/stanhoenson/krushr/internal/services/routes.go:65.16,67.3 1 0
codeberg.org/stanhoenson/krushr/internal/services/routes.go:69.2,69.44 1 0
codeberg.org/stanhoenson/krushr/internal/services/routes.go:69.44,71.3 1 0
codeberg.org/stanhoenson/krushr/internal/services/routes.go:73.2,73.19 1 0
codeberg.org/stanhoenson/krushr/internal/services/routes.go:77.106,78.60 1 1
codeberg.org/stanhoenson/krushr/internal/services/routes.go:78.60,80.3 1 0
codeberg.org/stanhoenson/krushr/internal/services/routes.go:81.2,81.85 1 1
codeberg.org/stanhoenson/krushr/internal/services/routes.go:84.130,86.16 2 1
codeberg.org/stanhoenson/krushr/internal/services/routes.go:86.16,88.3 1 0
codeberg.org/stanhoenson/krushr/internal/services/routes.go:90.2,91.16 2 1
codeberg.org/stanhoenson/krushr/internal/services/routes.go:91.16,93.3 1 0
codeberg.org/stanhoenson/krushr/internal/services/routes.go:95.2,96.16 2 1
codeberg.org/stanhoenson/krushr/internal/services/routes.go:96.16,99.3 2 0
codeberg.org/stanhoenson/krushr/internal/services/routes.go:101.2,118.16 13 1
codeberg.org/stanhoenson/krushr/internal/services/routes.go:118.16,120.3 1 0
codeberg.org/stanhoenson/krushr/internal/services/routes.go:122.2,122.68 1 1
codeberg.org/stanhoenson/krushr/internal/services/routes.go:122.68,130.17 3 1
codeberg.org/stanhoenson/krushr/internal/services/routes.go:130.17,132.4 1 0
codeberg.org/stanhoenson/krushr/internal/services/routes.go:135.2,135.26 1 1
codeberg.org/stanhoenson/krushr/internal/services/routes.go:138.101,140.37 2 1
codeberg.org/stanhoenson/krushr/internal/services/routes.go:140.37,142.3 1 1
codeberg.org/stanhoenson/krushr/internal/services/routes.go:143.2,145.34 3 1
codeberg.org/stanhoenson/krushr/internal/services/routes.go:145.34,149.17 3 1
codeberg.org/stanhoenson/krushr/internal/services/routes.go:149.17,151.4 1 0
codeberg.org/stanhoenson/krushr/internal/services/routes.go:154.2,155.12 2 1
codeberg.org/stanhoenson/krushr/internal/services/routes.go:158.98,160.35 2 1
codeberg.org/stanhoenson/krushr/internal/services/routes.go:160.35,162.3 1 1
codeberg.org/stanhoenson/krushr/internal/services/routes.go:163.2,165.32 3 1
codeberg.org/stanhoenson/krushr/internal/services/routes.go:165.32,169.17 3 1
codeberg.org/stanhoenson/krushr/internal/services/routes.go:169.17,171.4 1 0
codeberg.org/stanhoenson/krushr/internal/services/routes.go:174.2,175.12 2 1
codeberg.org/stanhoenson/krushr/internal/services/routes.go:178.104,180.39 2 1
codeberg.org/stanhoenson/krushr/internal/services/routes.go:180.39,182.3 1 1
codeberg.org/stanhoenson/krushr/internal/services/routes.go:183.2,185.36 3 1
codeberg.org/stanhoenson/krushr/internal/services/routes.go:185.36,189.17 3 1
codeberg.org/stanhoenson/krushr/internal/services/routes.go:189.17,191.4 1 0
codeberg.org/stanhoenson/krushr/internal/services/routes.go:194.2,195.12 2 1
codeberg.org/stanhoenson/krushr/internal/services/routes.go:206.154,209.73 2 1
codeberg.org/stanhoenson/krushr/internal/services/routes.go:209.73,212.17 2 1
codeberg.org/stanhoenson/krushr/internal/services/routes.go:212.17,214.4 1 0
codeberg.org/stanhoenson/krushr/internal/services/routes.go:215.3,215.102 1 1
codeberg.org/stanhoenson/krushr/internal/services/routes.go:219.2,220.60 2 1
codeberg.org/stanhoenson/krushr/internal/services/routes.go:220.60,223.17 2 1
codeberg.org/stanhoenson/krushr/internal/services/routes.go:223.17,225.4 1 0
codeberg.org/stanhoenson/krushr/internal/services/routes.go:226.3,226.86 1 1
codeberg.org/stanhoenson/krushr/internal/services/routes.go:229.2,231.16 3 1
codeberg.org/stanhoenson/krushr/internal/services/routes.go:231.16,233.3 1 0
codeberg.org/stanhoenson/krushr/internal/services/routes.go:236.2,237.51 2 1
codeberg.org/stanhoenson/krushr/internal/services/routes.go:237.51,240.17 2 1
codeberg.org/stanhoenson/krushr/internal/services/routes.go:240.17,242.4 1 0
codeberg.org/stanhoenson/krushr/internal/services/routes.go:243.3,243.72 1 1
codeberg.org/stanhoenson/krushr/internal/services/routes.go:247.2,248.55 2 1
codeberg.org/stanhoenson/krushr/internal/services/routes.go:248.55,251.17 2 1
codeberg.org/stanhoenson/krushr/internal/services/routes.go:251.17,253.4 1 0
codeberg.org/stanhoenson/krushr/internal/services/routes.go:254.3,254.78 1 1
codeberg.org/stanhoenson/krushr/internal/services/routes.go:257.2,258.32 2 1
codeberg.org/stanhoenson/krushr/internal/services/routes.go:258.32,261.3 2 1
codeberg.org/stanhoenson/krushr/internal/services/routes.go:263.2,269.8 1 1
codeberg.org/stanhoenson/krushr/internal/services/routes.go:272.123,274.16 2 1
codeberg.org/stanhoenson/krushr/internal/services/routes.go:274.16,276.3 1 0
codeberg.org/stanhoenson/krushr/internal/services/routes.go:278.2,279.16 2 1
codeberg.org/stanhoenson/krushr/internal/services/routes.go:279.16,281.3 1 0
codeberg.org/stanhoenson/krushr/internal/services/routes.go:283.2,295.16 3 1
codeberg.org/stanhoenson/krushr/internal/services/routes.go:295.16,297.3 1 0
codeberg.org/stanhoenson/krushr/internal/services/routes.go:298.2,298.61 1 1
codeberg.org/stanhoenson/krushr/internal/services/routes.go:298.61,306.17 3 1
codeberg.org/stanhoenson/krushr/internal/services/routes.go:306.17,308.4 1 0
codeberg.org/stanhoenson/krushr/internal/services/routes.go:311.2,311.26 1 1
codeberg.org/stanhoenson/krushr/internal/services/users.go:10.87,12.16 2 0
codeberg.org/stanhoenson/krushr/internal/services/users.go:12.16,14.3 1 0
codeberg.org/stanhoenson/krushr/internal/services/users.go:16.2,17.16 2 0
codeberg.org/stanhoenson/krushr/internal/services/users.go:17.16,19.3 1 0
codeberg.org/stanhoenson/krushr/internal/services/users.go:21.2,28.16 3 0
codeberg.org/stanhoenson/krushr/internal/services/users.go:28.16,30.3 1 0
codeberg.org/stanhoenson/krushr/internal/services/users.go:32.2,32.25 1 0
codeberg.org/stanhoenson/krushr/internal/services/users.go:35.94,37.16 2 0
codeberg.org/stanhoenson/krushr/internal/services/users.go:37.16,39.3 1 0
codeberg.org/stanhoenson/krushr/internal/services/users.go:41.2,42.16 2 0
codeberg.org/stanhoenson/krushr/internal/services/users.go:42.16,44.3 1 0
codeberg.org/stanhoenson/krushr/internal/services/users.go:46.2,47.16 2 0
codeberg.org/stanhoenson/krushr/internal/services/users.go:47.16,49.3 1 0
codeberg.org/stanhoenson/krushr/internal/services/users.go:51.2,56.16 5 0
codeberg.org/stanhoenson/krushr/internal/services/users.go:56.16,58.3 1 0
codeberg.org/stanhoenson/krushr/internal/services/users.go:60.2,60.25 1 0
codeberg.org/stanhoenson/krushr/internal/utils/crypto.go:8.34,14.2 5 1
codeberg.org/stanhoenson/krushr/internal/utils/haversine.go:7.56,21.2 8 1
codeberg.org/stanhoenson/krushr/internal/utils/poi.go:5.85,9.21 4 1
codeberg.org/stanhoenson/krushr/internal/utils/poi.go:9.21,11.3 1 1
codeberg.org/stanhoenson/krushr/internal/utils/poi.go:13.2,13.17 1 1
codeberg.org/stanhoenson/krushr/internal/utils/role.go:11.35,15.49 3 0
codeberg.org/stanhoenson/krushr/internal/utils/role.go:15.49,17.3 1 0
codeberg.org/stanhoenson/krushr/internal/utils/role.go:18.2,18.13 1 0
codeberg.org/stanhoenson/krushr/internal/utils/role.go:21.43,23.2 1 0
codeberg.org/stanhoenson/krushr/internal/utils/role.go:25.51,29.76 3 1
codeberg.org/stanhoenson/krushr/internal/utils/role.go:29.76,31.3 1 1
codeberg.org/stanhoenson/krushr/internal/utils/role.go:32.2,32.13 1 1
codeberg.org/stanhoenson/krushr/internal/utils/role.go:35.63,38.20 3 1
codeberg.org/stanhoenson/krushr/internal/utils/role.go:38.20,40.3 1 1
codeberg.org/stanhoenson/krushr/internal/utils/role.go:41.2,41.18 1 1
codeberg.org/stanhoenson/krushr/internal/utils/string.go:12.69,13.24 1 1
codeberg.org/stanhoenson/krushr/internal/utils/string.go:13.24,14.34 1 1
codeberg.org/stanhoenson/krushr/internal/utils/string.go:14.34,16.4 1 1
codeberg.org/stanhoenson/krushr/internal/utils/string.go:18.2,18.14 1 1
codeberg.org/stanhoenson/krushr/internal/utils/string.go:22.41,27.39 3 0
codeberg.org/stanhoenson/krushr/internal/utils/string.go:27.39,31.3 2 0
codeberg.org/stanhoenson/krushr/internal/utils/string.go:33.2,34.50 2 0
codeberg.org/stanhoenson/krushr/internal/utils/string.go:38.33,39.60 1 0
codeberg.org/stanhoenson/krushr/internal/utils/string.go:39.60,41.3 1 0
codeberg.org/stanhoenson/krushr/internal/utils/string.go:41.8,41.38 1 0
codeberg.org/stanhoenson/krushr/internal/utils/string.go:41.38,43.3 1 0
codeberg.org/stanhoenson/krushr/internal/utils/string.go:43.8,45.3 1 0
codeberg.org/stanhoenson/krushr/internal/utils/string.go:48.47,52.78 2 1
codeberg.org/stanhoenson/krushr/internal/utils/string.go:52.78,55.3 2 0
codeberg.org/stanhoenson/krushr/internal/utils/string.go:57.2,57.26 1 1
codeberg.org/stanhoenson/krushr/internal/validators/category.go:7.80,11.2 1 0
codeberg.org/stanhoenson/krushr/internal/validators/category.go:13.77,17.2 1 0
codeberg.org/stanhoenson/krushr/internal/validators/index.go:8.53,11.2 1 0
codeberg.org/stanhoenson/krushr/internal/validators/index.go:13.29,14.67 1 0
codeberg.org/stanhoenson/krushr/internal/validators/index.go:14.67,17.3 2 0
codeberg.org/stanhoenson/krushr/internal/validators/poi.go:7.75,11.2 1 0
codeberg.org/stanhoenson/krushr/internal/validators/poi.go:13.77,17.2 1 0
codeberg.org/stanhoenson/krushr/internal/validators/route.go:9.57,10.45 1 1
codeberg.org/stanhoenson/krushr/internal/validators/route.go:10.45,11.45 1 1
codeberg.org/stanhoenson/krushr/internal/validators/route.go:11.45,13.4 1 0
codeberg.org/stanhoenson/krushr/internal/validators/route.go:16.2,16.12 1 1
codeberg.org/stanhoenson/krushr/internal/validators/route.go:19.63,20.45 1 1
codeberg.org/stanhoenson/krushr/internal/validators/route.go:20.45,21.45 1 1
codeberg.org/stanhoenson/krushr/internal/validators/route.go:21.45,23.4 1 0
codeberg.org/stanhoenson/krushr/internal/validators/route.go:25.2,25.12 1 1
codeberg.org/stanhoenson/krushr/internal/validators/user.go:9.46,13.2 1 0
codeberg.org/stanhoenson/krushr/internal/validators/user.go:15.48,19.2 1 0
codeberg.org/stanhoenson/krushr/internal/validators/user.go:21.47,25.2 1 0
codeberg.org/stanhoenson/krushr/internal/validators/user.go:28.38,34.2 3 0
codeberg.org/stanhoenson/krushr/internal/validators/user.go:36.44,38.2 1 0
codeberg.org/stanhoenson/krushr/internal/wrappers/authorization.go:10.75,11.30 1 1
codeberg.org/stanhoenson/krushr/internal/wrappers/authorization.go:11.30,13.14 2 1
codeberg.org/stanhoenson/krushr/internal/wrappers/authorization.go:13.14,16.4 2 1
codeberg.org/stanhoenson/krushr/internal/wrappers/authorization.go:16.9,19.4 2 1
codeberg.org/stanhoenson/krushr/internal/wrappers/database.go:21.86,25.21 3 1
codeberg.org/stanhoenson/krushr/internal/wrappers/database.go:25.21,27.3 1 0
codeberg.org/stanhoenson/krushr/internal/wrappers/database.go:29.2,29.34 1 1
codeberg.org/stanhoenson/krushr/internal/wrappers/database.go:29.34,31.3 1 0
codeberg.org/stanhoenson/krushr/internal/wrappers/database.go:33.2,34.21 2 1
codeberg.org/stanhoenson/krushr/internal/wrappers/database.go:34.21,36.3 1 0
codeberg.org/stanhoenson/krushr/internal/wrappers/database.go:38.2,39.15 2 1
codeberg.org/stanhoenson/krushr/internal/wrappers/database.go:39.15,40.31 1 1
codeberg.org/stanhoenson/krushr/internal/wrappers/database.go:40.31,42.12 2 0
codeberg.org/stanhoenson/krushr/internal/wrappers/database.go:43.9,43.24 1 1
codeberg.org/stanhoenson/krushr/internal/wrappers/database.go:43.24,45.4 1 0
codeberg.org/stanhoenson/krushr/internal/wrappers/database.go:45.9,45.42 1 1
codeberg.org/stanhoenson/krushr/internal/wrappers/database.go:45.42,47.14 2 0
codeberg.org/stanhoenson/krushr/internal/wrappers/database.go:48.9,48.29 1 1
codeberg.org/stanhoenson/krushr/internal/wrappers/database.go:48.29,50.4 1 0
codeberg.org/stanhoenson/krushr/internal/wrappers/database.go:50.9,52.4 1 1
codeberg.org/stanhoenson/krushr/internal/wrappers/database.go:54.2,54.22 1 1
