mode: set
codeberg.org/stanhoenson/krushr/internal/handlers/authentication.go:14.29,17.48 2 0
codeberg.org/stanhoenson/krushr/internal/handlers/authentication.go:17.48,20.3 2 0
codeberg.org/stanhoenson/krushr/internal/handlers/authentication.go:22.2,23.16 2 0
codeberg.org/stanhoenson/krushr/internal/handlers/authentication.go:23.16,26.3 2 0
codeberg.org/stanhoenson/krushr/internal/handlers/authentication.go:28.2,28.44 1 0
codeberg.org/stanhoenson/krushr/internal/handlers/authentication.go:31.29,34.48 2 0
codeberg.org/stanhoenson/krushr/internal/handlers/authentication.go:34.48,37.3 2 0
codeberg.org/stanhoenson/krushr/internal/handlers/authentication.go:39.2,40.16 2 0
codeberg.org/stanhoenson/krushr/internal/handlers/authentication.go:40.16,43.3 2 0
codeberg.org/stanhoenson/krushr/internal/handlers/authentication.go:45.2,47.25 2 0
codeberg.org/stanhoenson/krushr/internal/handlers/authentication.go:50.30,54.2 2 0
codeberg.org/stanhoenson/krushr/internal/handlers/authentication.go:56.50,58.2 2 0
codeberg.org/stanhoenson/krushr/internal/handlers/authentication.go:58.2,62.3 3 0
codeberg.org/stanhoenson/krushr/internal/handlers/categories.go:12.44,14.2 2 0
codeberg.org/stanhoenson/krushr/internal/handlers/categories.go:14.2,17.80 3 0
codeberg.org/stanhoenson/krushr/internal/handlers/categories.go:17.80,18.79 1 0
codeberg.org/stanhoenson/krushr/internal/handlers/categories.go:18.79,20.5 1 0
codeberg.org/stanhoenson/krushr/internal/handlers/categories.go:20.92,22.5 1 0
codeberg.org/stanhoenson/krushr/internal/handlers/categories.go:24.3,24.79 1 0
codeberg.org/stanhoenson/krushr/internal/handlers/categories.go:24.79,25.77 1 0
codeberg.org/stanhoenson/krushr/internal/handlers/categories.go:25.77,27.5 1 0
codeberg.org/stanhoenson/krushr/internal/handlers/categories.go:27.100,29.5 1 0
codeberg.org/stanhoenson/krushr/internal/handlers/details.go:10.42,12.2 2 0
codeberg.org/stanhoenson/krushr/internal/handlers/details.go:12.2,15.3 2 0
codeberg.org/stanhoenson/krushr/internal/handlers/generic.go:13.229,14.67 1 0
codeberg.org/stanhoenson/krushr/internal/handlers/generic.go:14.67,16.3 1 0
codeberg.org/stanhoenson/krushr/internal/handlers/generic.go:19.116,23.16 3 1
codeberg.org/stanhoenson/krushr/internal/handlers/generic.go:23.16,26.3 2 0
codeberg.org/stanhoenson/krushr/internal/handlers/generic.go:27.2,30.16 3 1
codeberg.org/stanhoenson/krushr/internal/handlers/generic.go:30.16,33.3 2 1
codeberg.org/stanhoenson/krushr/internal/handlers/generic.go:35.2,35.35 1 1
codeberg.org/stanhoenson/krushr/internal/handlers/generic.go:38.225,39.56 1 0
codeberg.org/stanhoenson/krushr/internal/handlers/generic.go:39.56,41.3 1 0
codeberg.org/stanhoenson/krushr/internal/handlers/generic.go:44.102,46.16 2 1
codeberg.org/stanhoenson/krushr/internal/handlers/generic.go:46.16,49.3 2 0
codeberg.org/stanhoenson/krushr/internal/handlers/generic.go:51.2,51.41 1 1
codeberg.org/stanhoenson/krushr/internal/handlers/generic.go:54.226,55.64 1 0
codeberg.org/stanhoenson/krushr/internal/handlers/generic.go:55.64,57.3 1 0
codeberg.org/stanhoenson/krushr/internal/handlers/generic.go:60.114,64.16 3 1
codeberg.org/stanhoenson/krushr/internal/handlers/generic.go:64.16,67.3 2 0
codeberg.org/stanhoenson/krushr/internal/handlers/generic.go:68.2,71.16 3 1
codeberg.org/stanhoenson/krushr/internal/handlers/generic.go:71.16,74.3 2 1
codeberg.org/stanhoenson/krushr/internal/handlers/generic.go:76.2,76.39 1 1
codeberg.org/stanhoenson/krushr/internal/handlers/generic.go:79.229,82.49 2 1
codeberg.org/stanhoenson/krushr/internal/handlers/generic.go:82.49,85.3 2 0
codeberg.org/stanhoenson/krushr/internal/handlers/generic.go:87.2,87.60 1 1
codeberg.org/stanhoenson/krushr/internal/handlers/generic.go:87.60,90.3 2 0
codeberg.org/stanhoenson/krushr/internal/handlers/generic.go:92.2,93.16 2 1
codeberg.org/stanhoenson/krushr/internal/handlers/generic.go:93.16,96.3 2 0
codeberg.org/stanhoenson/krushr/internal/handlers/generic.go:98.2,98.46 1 1
codeberg.org/stanhoenson/krushr/internal/handlers/generic.go:101.237,105.16 3 0
codeberg.org/stanhoenson/krushr/internal/handlers/generic.go:105.16,108.3 2 0
codeberg.org/stanhoenson/krushr/internal/handlers/generic.go:109.2,113.49 3 0
codeberg.org/stanhoenson/krushr/internal/handlers/generic.go:113.49,116.3 2 0
codeberg.org/stanhoenson/krushr/internal/handlers/generic.go:118.2,118.60 1 0
codeberg.org/stanhoenson/krushr/internal/handlers/generic.go:118.60,121.3 2 0
codeberg.org/stanhoenson/krushr/internal/handlers/generic.go:123.2,124.16 2 0
codeberg.org/stanhoenson/krushr/internal/handlers/generic.go:124.16,127.3 2 0
codeberg.org/stanhoenson/krushr/internal/handlers/generic.go:129.2,129.46 1 0
codeberg.org/stanhoenson/krushr/internal/handlers/images.go:14.39,18.16 3 0
codeberg.org/stanhoenson/krushr/internal/handlers/images.go:18.16,21.3 2 0
codeberg.org/stanhoenson/krushr/internal/handlers/images.go:22.2,25.16 3 0
codeberg.org/stanhoenson/krushr/internal/handlers/images.go:25.16,29.3 2 0
codeberg.org/stanhoenson/krushr/internal/handlers/images.go:31.2,34.15 3 0
codeberg.org/stanhoenson/krushr/internal/handlers/images.go:37.32,40.16 2 0
codeberg.org/stanhoenson/krushr/internal/handlers/images.go:40.16,43.3 2 0
codeberg.org/stanhoenson/krushr/internal/handlers/images.go:45.2,46.16 2 0
codeberg.org/stanhoenson/krushr/internal/handlers/images.go:46.16,50.3 2 0
codeberg.org/stanhoenson/krushr/internal/handlers/images.go:52.2,52.44 1 0
codeberg.org/stanhoenson/krushr/internal/handlers/images.go:55.41,59.2 3 0
codeberg.org/stanhoenson/krushr/internal/handlers/images.go:59.2,63.3 3 0
codeberg.org/stanhoenson/krushr/internal/handlers/index.go:7.38,18.2 10 0
codeberg.org/stanhoenson/krushr/internal/handlers/legacy.go:9.42,11.2 2 0
codeberg.org/stanhoenson/krushr/internal/handlers/legacy.go:11.2,12.47 1 0
codeberg.org/stanhoenson/krushr/internal/handlers/legacy.go:12.47,13.68 1 0
codeberg.org/stanhoenson/krushr/internal/handlers/legacy.go:13.68,15.5 1 0
codeberg.org/stanhoenson/krushr/internal/handlers/legacy.go:17.3,17.51 1 0
codeberg.org/stanhoenson/krushr/internal/handlers/legacy.go:17.51,18.76 1 0
codeberg.org/stanhoenson/krushr/internal/handlers/legacy.go:18.76,20.5 1 0
codeberg.org/stanhoenson/krushr/internal/handlers/legacy.go:22.3,23.46 2 0
codeberg.org/stanhoenson/krushr/internal/handlers/legacy.go:23.46,24.67 1 0
codeberg.org/stanhoenson/krushr/internal/handlers/legacy.go:24.67,26.5 1 0
codeberg.org/stanhoenson/krushr/internal/handlers/links.go:10.40,12.2 2 0
codeberg.org/stanhoenson/krushr/internal/handlers/links.go:12.2,15.3 2 0
codeberg.org/stanhoenson/krushr/internal/handlers/poi.go:15.51,17.2 2 0
codeberg.org/stanhoenson/krushr/internal/handlers/poi.go:17.2,20.86 3 0
codeberg.org/stanhoenson/krushr/internal/handlers/poi.go:20.86,21.107 1 0
codeberg.org/stanhoenson/krushr/internal/handlers/poi.go:21.107,23.19 2 0
codeberg.org/stanhoenson/krushr/internal/handlers/poi.go:23.19,25.6 1 0
codeberg.org/stanhoenson/krushr/internal/handlers/poi.go:27.5,27.75 1 0
codeberg.org/stanhoenson/krushr/internal/handlers/poi.go:30.3,30.83 1 0
codeberg.org/stanhoenson/krushr/internal/handlers/poi.go:30.83,31.84 1 0
codeberg.org/stanhoenson/krushr/internal/handlers/poi.go:31.84,33.5 1 0
codeberg.org/stanhoenson/krushr/internal/handlers/poi.go:34.112,36.20 2 0
codeberg.org/stanhoenson/krushr/internal/handlers/poi.go:36.20,38.7 1 0
codeberg.org/stanhoenson/krushr/internal/handlers/poi.go:39.6,39.102 1 0
codeberg.org/stanhoenson/krushr/internal/handlers/poi.go:39.102,41.7 1 0
codeberg.org/stanhoenson/krushr/internal/handlers/poi.go:44.3,44.78 1 0
codeberg.org/stanhoenson/krushr/internal/handlers/poi.go:44.78,45.84 1 0
codeberg.org/stanhoenson/krushr/internal/handlers/poi.go:45.84,47.5 1 0
codeberg.org/stanhoenson/krushr/internal/handlers/poi.go:47.106,49.19 2 0
codeberg.org/stanhoenson/krushr/internal/handlers/poi.go:49.19,51.6 1 0
codeberg.org/stanhoenson/krushr/internal/handlers/poi.go:52.5,52.101 1 0
codeberg.org/stanhoenson/krushr/internal/handlers/poi.go:52.101,54.6 1 0
codeberg.org/stanhoenson/krushr/internal/handlers/routes.go:16.41,18.2 2 1
codeberg.org/stanhoenson/krushr/internal/handlers/routes.go:18.2,19.39 1 1
codeberg.org/stanhoenson/krushr/internal/handlers/routes.go:19.39,20.60 1 1
codeberg.org/stanhoenson/krushr/internal/handlers/routes.go:20.60,22.19 2 1
codeberg.org/stanhoenson/krushr/internal/handlers/routes.go:22.19,24.6 1 1
codeberg.org/stanhoenson/krushr/internal/handlers/routes.go:26.5,26.60 1 1
codeberg.org/stanhoenson/krushr/internal/handlers/routes.go:26.60,28.6 1 1
codeberg.org/stanhoenson/krushr/internal/handlers/routes.go:30.5,30.63 1 1
codeberg.org/stanhoenson/krushr/internal/handlers/routes.go:33.3,33.45 1 1
codeberg.org/stanhoenson/krushr/internal/handlers/routes.go:33.45,34.70 1 1
codeberg.org/stanhoenson/krushr/internal/handlers/routes.go:34.70,36.19 2 1
codeberg.org/stanhoenson/krushr/internal/handlers/routes.go:36.19,38.6 1 0
codeberg.org/stanhoenson/krushr/internal/handlers/routes.go:40.5,40.60 1 1
codeberg.org/stanhoenson/krushr/internal/handlers/routes.go:40.60,42.6 1 0
codeberg.org/stanhoenson/krushr/internal/handlers/routes.go:44.5,44.64 1 1
codeberg.org/stanhoenson/krushr/internal/handlers/routes.go:47.3,47.80 1 1
codeberg.org/stanhoenson/krushr/internal/handlers/routes.go:47.80,48.76 1 1
codeberg.org/stanhoenson/krushr/internal/handlers/routes.go:48.76,50.5 1 1
codeberg.org/stanhoenson/krushr/internal/handlers/routes.go:51.84,53.20 2 1
codeberg.org/stanhoenson/krushr/internal/handlers/routes.go:53.20,55.7 1 0
codeberg.org/stanhoenson/krushr/internal/handlers/routes.go:56.6,56.92 1 1
codeberg.org/stanhoenson/krushr/internal/handlers/routes.go:56.92,58.7 1 1
codeberg.org/stanhoenson/krushr/internal/handlers/routes.go:61.3,61.83 1 1
codeberg.org/stanhoenson/krushr/internal/handlers/routes.go:61.83,62.74 1 0
codeberg.org/stanhoenson/krushr/internal/handlers/routes.go:62.74,64.5 1 0
codeberg.org/stanhoenson/krushr/internal/handlers/routes.go:64.94,66.19 2 0
codeberg.org/stanhoenson/krushr/internal/handlers/routes.go:66.19,68.6 1 0
codeberg.org/stanhoenson/krushr/internal/handlers/routes.go:69.5,69.91 1 0
codeberg.org/stanhoenson/krushr/internal/handlers/routes.go:69.91,71.6 1 0
codeberg.org/stanhoenson/krushr/internal/handlers/routes.go:74.3,74.86 1 1
codeberg.org/stanhoenson/krushr/internal/handlers/routes.go:74.86,75.73 1 1
codeberg.org/stanhoenson/krushr/internal/handlers/routes.go:75.73,77.19 2 1
codeberg.org/stanhoenson/krushr/internal/handlers/routes.go:77.19,79.6 1 0
codeberg.org/stanhoenson/krushr/internal/handlers/routes.go:81.5,81.66 1 1
codeberg.org/stanhoenson/krushr/internal/handlers/statuses.go:10.42,12.2 2 0
codeberg.org/stanhoenson/krushr/internal/handlers/statuses.go:12.2,15.3 2 0
codeberg.org/stanhoenson/krushr/internal/handlers/users.go:17.28,19.16 2 0
codeberg.org/stanhoenson/krushr/internal/handlers/users.go:19.16,21.3 1 0
codeberg.org/stanhoenson/krushr/internal/handlers/users.go:22.2,23.16 2 0
codeberg.org/stanhoenson/krushr/internal/handlers/users.go:23.16,26.3 2 0
codeberg.org/stanhoenson/krushr/internal/handlers/users.go:28.2,28.39 1 0
codeberg.org/stanhoenson/krushr/internal/handlers/users.go:31.40,33.2 2 0
codeberg.org/stanhoenson/krushr/internal/handlers/users.go:33.2,36.98 3 0
codeberg.org/stanhoenson/krushr/internal/handlers/users.go:36.98,37.75 1 0
codeberg.org/stanhoenson/krushr/internal/handlers/users.go:37.75,39.5 1 0
codeberg.org/stanhoenson/krushr/internal/handlers/users.go:39.84,41.5 1 0
codeberg.org/stanhoenson/krushr/internal/handlers/users.go:43.3,43.97 1 0
codeberg.org/stanhoenson/krushr/internal/handlers/users.go:43.97,44.73 1 0
codeberg.org/stanhoenson/krushr/internal/handlers/users.go:44.73,46.5 1 0
codeberg.org/stanhoenson/krushr/internal/handlers/users.go:46.92,48.5 1 0
codeberg.org/stanhoenson/krushr/internal/handlers/users.go:50.3,50.104 1 0
codeberg.org/stanhoenson/krushr/internal/handlers/users.go:50.104,51.72 1 0
codeberg.org/stanhoenson/krushr/internal/handlers/users.go:51.72,54.19 2 0
codeberg.org/stanhoenson/krushr/internal/handlers/users.go:54.19,56.6 1 0
codeberg.org/stanhoenson/krushr/internal/handlers/users.go:58.5,58.22 1 0
codeberg.org/stanhoenson/krushr/internal/handlers/users.go:58.22,61.6 1 0
codeberg.org/stanhoenson/krushr/internal/handlers/users.go:63.5,63.54 1 0
